Using pre-set license
Built from '6000.0/release' branch; Version is '6000.0.29f1 (9fafe5c9db65) revision 10465253'; Using compiler version '193933523'; Build Type 'Release'
OS: 'Windows 11  (10.0.22631) 64bit Enterprise' Language: 'de' Physical Memory: 8050 MB
BatchMode: 1, IsHumanControllingUs: 0, StartBugReporterOnCrash: 0, Is64bit: 1, IsPro: 1

COMMAND LINE ARGUMENTS:
C:\Program Files\Unity\Hub\Editor\6000.0.29f1\Editor\Unity.exe
-adb2
-batchMode
-noUpm
-name
AssetImportWorker0
-projectPath
C:/Entwicklung/Kartenspiel/Karten_Spiel_Unity
-logFile
Logs/AssetImportWorker0.log
-srvPort
53681
-job-worker-count
3
-background-job-worker-count
8
-asset-garbage-collectors
1
Successfully changed project path to: C:/Entwicklung/Kartenspiel/Karten_Spiel_Unity
C:/Entwicklung/Kartenspiel/Karten_Spiel_Unity
[UnityMemory] Configuration Parameters - Can be set up in boot.config
    "memorysetup-bucket-allocator-granularity=16"
    "memorysetup-bucket-allocator-bucket-count=8"
    "memorysetup-bucket-allocator-block-size=33554432"
    "memorysetup-bucket-allocator-block-count=8"
    "memorysetup-main-allocator-block-size=16777216"
    "memorysetup-thread-allocator-block-size=16777216"
    "memorysetup-gfx-main-allocator-block-size=16777216"
    "memorysetup-gfx-thread-allocator-block-size=16777216"
    "memorysetup-cache-allocator-block-size=4194304"
    "memorysetup-typetree-allocator-block-size=2097152"
    "memorysetup-profiler-bucket-allocator-granularity=16"
    "memorysetup-profiler-bucket-allocator-bucket-count=8"
    "memorysetup-profiler-bucket-allocator-block-size=33554432"
    "memorysetup-profiler-bucket-allocator-block-count=8"
    "memorysetup-profiler-allocator-block-size=16777216"
    "memorysetup-profiler-editor-allocator-block-size=1048576"
    "memorysetup-temp-allocator-size-main=16777216"
    "memorysetup-job-temp-allocator-block-size=2097152"
    "memorysetup-job-temp-allocator-block-size-background=1048576"
    "memorysetup-job-temp-allocator-reduction-small-platforms=262144"
    "memorysetup-allocator-temp-initial-block-size-main=262144"
    "memorysetup-allocator-temp-initial-block-size-worker=262144"
    "memorysetup-temp-allocator-size-background-worker=32768"
    "memorysetup-temp-allocator-size-job-worker=262144"
    "memorysetup-temp-allocator-size-preload-manager=33554432"
    "memorysetup-temp-allocator-size-nav-mesh-worker=65536"
    "memorysetup-temp-allocator-size-audio-worker=65536"
    "memorysetup-temp-allocator-size-cloud-worker=32768"
    "memorysetup-temp-allocator-size-gi-baking-worker=262144"
    "memorysetup-temp-allocator-size-gi-baking-worker=262144"
    "memorysetup-temp-allocator-size-gi-baking-worker=262144"
    "memorysetup-temp-allocator-size-gi-baking-worker=262144"
    "memorysetup-temp-allocator-size-gi-baking-worker=262144"
    "memorysetup-temp-allocator-size-gfx=262144"
Player connection [19304]  Target information:

Player connection [19304]  * "[IP] 10.12.0.26 [Port] 0 [Flags] 2 [Guid] 1053054256 [EditorId] 1053054256 [Version] 1048832 [Id] WindowsEditor(7,Lupp-0682) [Debug] 1 [PackageName] WindowsEditor [ProjectName] Editor" 

Player connection [19304]  * "[IP] 192.168.80.1 [Port] 0 [Flags] 2 [Guid] 1053054256 [EditorId] 1053054256 [Version] 1048832 [Id] WindowsEditor(7,Lupp-0682) [Debug] 1 [PackageName] WindowsEditor [ProjectName] Editor" 

Player connection [19304]  * "[IP] 192.168.83.1 [Port] 0 [Flags] 2 [Guid] 1053054256 [EditorId] 1053054256 [Version] 1048832 [Id] WindowsEditor(7,Lupp-0682) [Debug] 1 [PackageName] WindowsEditor [ProjectName] Editor" 

Player connection [19304] Host joined multi-casting on [225.0.0.222:54997]...
Player connection [19304] Host joined alternative multi-casting on [225.0.0.222:34997]...
JobSystem: Creating JobQueue using job-worker-count value 3
[Physics::Module] Initialized fallback backend.
[Physics::Module] Id: 0xdecafbad
Library Redirect Path: Library/
[Physics::Module] Selected backend.
[Physics::Module] Name: PhysX
[Physics::Module] Id: 0xf2b8ea05
[Physics::Module] SDK Version: 4.1.2
[Physics::Module] Integration Version: 1.0.0
[Physics::Module] Threading Mode: Multi-Threaded
Refreshing native plugins compatible for Editor in 902.18 ms, found 4 plugins.
Preloading 0 native plugins for Editor in 0.00 ms.
Initialize engine version: 6000.0.29f1 (9fafe5c9db65)
[Subsystems] Discovering subsystems at path C:/Program Files/Unity/Hub/Editor/6000.0.29f1/Editor/Data/Resources/UnitySubsystems
[Subsystems] Discovering subsystems at path C:/Entwicklung/Kartenspiel/Karten_Spiel_Unity/Assets
GfxDevice: creating device client; kGfxThreadingModeNonThreaded
Direct3D:
    Version:  Direct3D 11.0 [level 11.1]
    Renderer: Intel(R) UHD Graphics 620 (ID=0x5917)
    Vendor:   Intel
    VRAM:     4025 MB
    Driver:   31.0.101.2130
Initialize mono
Mono path[0] = 'C:/Program Files/Unity/Hub/Editor/6000.0.29f1/Editor/Data/Managed'
Mono path[1] = 'C:/Program Files/Unity/Hub/Editor/6000.0.29f1/Editor/Data/MonoBleedingEdge/lib/mono/unityjit-win32'
Mono config path = 'C:/Program Files/Unity/Hub/Editor/6000.0.29f1/Editor/Data/MonoBleedingEdge/etc'
Using monoOptions --debugger-agent=transport=dt_socket,embedding=1,server=y,suspend=n,address=127.0.0.1:56732
Begin MonoManager ReloadAssembly
Registering precompiled unity dll's ...
Register platform support module: C:/Program Files/Unity/Hub/Editor/6000.0.29f1/Editor/Data/PlaybackEngines/WindowsStandaloneSupport/UnityEditor.WindowsStandalone.Extensions.dll
Registered in 1.035093 seconds.
- Loaded All Assemblies, in 35.212 seconds
Native extension for WindowsStandalone target not found
Mono: successfully reloaded assembly
- Finished resetting the current domain, in  1.223 seconds
Domain Reload Profiling: 36429ms
	BeginReloadAssembly (28150ms)
		ExecutionOrderSort (0ms)
		DisableScriptedObjects (0ms)
		BackupInstance (0ms)
		ReleaseScriptingObjects (0ms)
		CreateAndSetChildDomain (5ms)
	RebuildCommonClasses (1963ms)
	RebuildNativeTypeToScriptingClass (34ms)
	initialDomainReloadingComplete (1219ms)
	LoadAllAssembliesAndSetupDomain (3839ms)
		LoadAssemblies (28121ms)
		RebuildTransferFunctionScriptingTraits (0ms)
		AnalyzeDomain (3828ms)
			TypeCache.Refresh (3823ms)
				TypeCache.ScanAssembly (2913ms)
			BuildScriptInfoCaches (0ms)
			ResolveRequiredComponents (2ms)
	FinalizeReload (1225ms)
		ReleaseScriptCaches (0ms)
		RebuildScriptCaches (0ms)
		SetupLoadedEditorAssemblies (1010ms)
			LogAssemblyErrors (0ms)
			InitializePlatformSupportModulesInManaged (40ms)
			SetLoadedEditorAssemblies (7ms)
			BeforeProcessingInitializeOnLoad (15ms)
			ProcessInitializeOnLoadAttributes (704ms)
			ProcessInitializeOnLoadMethodAttributes (232ms)
			AfterProcessingInitializeOnLoad (12ms)
			EditorAssembliesLoaded (0ms)
		ExecutionOrderSort2 (0ms)
		AwakeInstancesAfterBackupRestoration (0ms)
========================================================================
Worker process is ready to serve import requests
Import Worker Mode flag is 0x00
Begin MonoManager ReloadAssembly
- Loaded All Assemblies, in 49.925 seconds
Refreshing native plugins compatible for Editor in 3.27 ms, found 4 plugins.
Native extension for WindowsStandalone target not found
Mono: successfully reloaded assembly
- Finished resetting the current domain, in  4.549 seconds
Domain Reload Profiling: 54426ms
	BeginReloadAssembly (694ms)
		ExecutionOrderSort (0ms)
		DisableScriptedObjects (33ms)
		BackupInstance (0ms)
		ReleaseScriptingObjects (0ms)
		CreateAndSetChildDomain (136ms)
	RebuildCommonClasses (140ms)
	RebuildNativeTypeToScriptingClass (45ms)
	initialDomainReloadingComplete (155ms)
	LoadAllAssembliesAndSetupDomain (48843ms)
		LoadAssemblies (45441ms)
		RebuildTransferFunctionScriptingTraits (0ms)
		AnalyzeDomain (3806ms)
			TypeCache.Refresh (3325ms)
				TypeCache.ScanAssembly (3026ms)
			BuildScriptInfoCaches (429ms)
			ResolveRequiredComponents (40ms)
	FinalizeReload (4550ms)
		ReleaseScriptCaches (0ms)
		RebuildScriptCaches (0ms)
		SetupLoadedEditorAssemblies (3676ms)
			LogAssemblyErrors (0ms)
			InitializePlatformSupportModulesInManaged (4ms)
			SetLoadedEditorAssemblies (9ms)
			BeforeProcessingInitializeOnLoad (175ms)
			ProcessInitializeOnLoadAttributes (2338ms)
			ProcessInitializeOnLoadMethodAttributes (1136ms)
			AfterProcessingInitializeOnLoad (14ms)
			EditorAssembliesLoaded (0ms)
		ExecutionOrderSort2 (0ms)
		AwakeInstancesAfterBackupRestoration (16ms)
Launched and connected shader compiler UnityShaderCompiler.exe after 0.11 seconds
Refreshing native plugins compatible for Editor in 9.10 ms, found 4 plugins.
Preloading 0 native plugins for Editor in 0.00 ms.
Unloading 205 Unused Serialized files (Serialized files now loaded: 0)
Unloading 6523 unused Assets / (5.0 MB). Loaded Objects now: 7202.
Memory consumption went from 169.1 MB to 164.2 MB.
Total: 146.066700 ms (FindLiveObjects: 12.936400 ms CreateObjectMapping: 10.550000 ms MarkObjects: 81.457700 ms  DeleteObjects: 41.113000 ms)

========================================================================
Received Import Request.
  Time since last request: 6308.158801 seconds.
  path: Assets/untitled.abc
  artifactKey: Guid(0e2c1c94ba382664e95aea0623743fa6) Importer(815301076,1909f56bfc062723c751e8b465ee728b)
Start importing Assets/untitled.abc using Guid(0e2c1c94ba382664e95aea0623743fa6) Importer(815301076,1909f56bfc062723c751e8b465ee728b) (PreviewImporter) -> (artifact id: '1a19bae8dde4f62ac78469046718a418') in 0.0936289 seconds
Number of updated asset objects reloaded before import = 0Number of asset objects unloaded after import = 1

========================================================================
Received Import Request.
  Time since last request: 30.091222 seconds.
  path: Assets/untitled.usdc
  artifactKey: Guid(d502ee044396b434bb66b23754159c9f) Importer(815301076,1909f56bfc062723c751e8b465ee728b)
Start importing Assets/untitled.usdc using Guid(d502ee044396b434bb66b23754159c9f) Importer(815301076,1909f56bfc062723c751e8b465ee728b) (PreviewImporter) -> (artifact id: 'a88f90e58e26865fab05bbf0edddb5c7') in 0.0065704 seconds
Number of updated asset objects reloaded before import = 0Number of asset objects unloaded after import = 1

========================================================================
Received Import Request.
  Time since last request: 25.098345 seconds.
  path: Assets/untitled.obj
  artifactKey: Guid(40ca47bb48c564f44802f28255a88881) Importer(815301076,1909f56bfc062723c751e8b465ee728b)
Start importing Assets/untitled.obj using Guid(40ca47bb48c564f44802f28255a88881) Importer(815301076,1909f56bfc062723c751e8b465ee728b) (PreviewImporter) -> (artifact id: 'bce7f17df6005e2d84af6ae357c262ab') in 3.6325053 seconds
Number of updated asset objects reloaded before import = 0Number of asset objects unloaded after import = 10

========================================================================
Received Import Request.
  Time since last request: 14688.665735 seconds.
  path: Assets/Card_Select.py
  artifactKey: Guid(7cb6e97b8633b3d4d93e2131e58fb6a8) Importer(815301076,1909f56bfc062723c751e8b465ee728b)
Start importing Assets/Card_Select.py using Guid(7cb6e97b8633b3d4d93e2131e58fb6a8) Importer(815301076,1909f56bfc062723c751e8b465ee728b) (PreviewImporter) -> (artifact id: 'b8663b8457af54bbdf0c153a95ec107f') in 0.3504033 seconds
Number of updated asset objects reloaded before import = 0Number of asset objects unloaded after import = 1

========================================================================
Received Import Request.
  Time since last request: 704.246541 seconds.
  path: Assets/Card_Select.py
  artifactKey: Guid(7cb6e97b8633b3d4d93e2131e58fb6a8) Importer(815301076,1909f56bfc062723c751e8b465ee728b)
Start importing Assets/Card_Select.py using Guid(7cb6e97b8633b3d4d93e2131e58fb6a8) Importer(815301076,1909f56bfc062723c751e8b465ee728b) (PreviewImporter) -> (artifact id: 'ee226e6e42d0f99a787ecb3ea65b2f5a') in 0.0191837 seconds
Number of updated asset objects reloaded before import = 0Number of asset objects unloaded after import = 1

========================================================================
Received Import Request.
  Time since last request: 3.546433 seconds.
  path: Assets
  artifactKey: Guid(00000000000000001000000000000000) Importer(815301076,1909f56bfc062723c751e8b465ee728b)
Start importing Assets using Guid(00000000000000001000000000000000) Importer(815301076,1909f56bfc062723c751e8b465ee728b) (PreviewImporter) -> (artifact id: 'c391582d739b6e62a5220f35cbb167ac') in 0.0072723 seconds
Number of updated asset objects reloaded before import = 0Number of asset objects unloaded after import = 0

========================================================================
Received Import Request.
  Time since last request: 7.755897 seconds.
  path: Assets/Card_Select.c.mat
  artifactKey: Guid(014d3bba925c23e4e8c09eb3ed9f32ba) Importer(815301076,1909f56bfc062723c751e8b465ee728b)
Start importing Assets/Card_Select.c.mat using Guid(014d3bba925c23e4e8c09eb3ed9f32ba) Importer(815301076,1909f56bfc062723c751e8b465ee728b) (PreviewImporter) -> (artifact id: '682b17d77f2a356e6a71495a3dda3430') in 0.9184717 seconds
Number of updated asset objects reloaded before import = 0Number of asset objects unloaded after import = 1

========================================================================
Received Import Request.
  Time since last request: 13.965894 seconds.
  path: Assets/Card_Selec.mat
  artifactKey: Guid(014d3bba925c23e4e8c09eb3ed9f32ba) Importer(815301076,1909f56bfc062723c751e8b465ee728b)
Start importing Assets/Card_Selec.mat using Guid(014d3bba925c23e4e8c09eb3ed9f32ba) Importer(815301076,1909f56bfc062723c751e8b465ee728b) (PreviewImporter) -> (artifact id: '0ac13b82ceb6e5aaa58afb462f9fe57d') in 0.0348794 seconds
Number of updated asset objects reloaded before import = 0Number of asset objects unloaded after import = 1

========================================================================
Received Import Request.
  Time since last request: 14.373446 seconds.
  path: Assets/Card_Selec.py.mat
  artifactKey: Guid(014d3bba925c23e4e8c09eb3ed9f32ba) Importer(815301076,1909f56bfc062723c751e8b465ee728b)
Start importing Assets/Card_Selec.py.mat using Guid(014d3bba925c23e4e8c09eb3ed9f32ba) Importer(815301076,1909f56bfc062723c751e8b465ee728b) (PreviewImporter) -> (artifact id: '0d0bc2ae0f75128457a74563cd37ca2d') in 0.0686788 seconds
Number of updated asset objects reloaded before import = 0Number of asset objects unloaded after import = 1

